<?xml version="1.0" encoding="UTF-8"?>
<!-- Generated by org.testng.reporters.JUnitReportReporter -->
<testsuite hostname="LAPTOP-GAUPM6CM" failures="0" tests="1" name="mar12th.JavaScriptExecutorDemo1" time="12.536" errors="0" timestamp="2024-03-12T19:56:39 IST" skipped="0">
  <testcase classname="mar12th.JavaScriptExecutorDemo1" name="javaScriptTest" time="12.536"/>
</testsuite> <!-- mar12th.JavaScriptExecutorDemo1 -->
